Build started 7/18/2015 11:39:25 AM.
     1>Project "D:\c++ class\homework for github\Homework2\Homework2\Homework2.vcxproj" on node 2 (Build target(s)).
     1>ClCompile:
         D:\Program Files (x86)\Visual Studio 2013 12.0\VC\bin\CL.exe /c /ZI /nologo /W3 /WX- /sdl /Od /Oy- /D WIN32 /D _DEBUG /D _CONSOLE /D _LIB /D _UNICODE /D UNICODE /Gm /EHsc /RTC1 /MDd /GS /fp:precise /Zc:wchar_t /Zc:forScope /Fo"Debug\\" /Fd"Debug\vc120.pdb" /Gd /TP /analyze- /errorReport:prompt main.cpp Queue.cpp QueueItem.cpp
         QueueItem.cpp
     1>d:\c++ class\homework for github\homework2\homework2\queueitem.cpp(7): error C2536: 'QueueItem::QueueItem::_data' : cannot specify explicit initializer for arrays
                 d:\c++ class\homework for github\homework2\homework2\queueitem.h(15) : see declaration of 'QueueItem::_data'
     1>d:\c++ class\homework for github\homework2\homework2\queueitem.cpp(14): error C2059: syntax error : '['
     1>d:\c++ class\homework for github\homework2\homework2\queueitem.cpp(19): error C2758: 'QueueItem::_itemId' : a member of reference type must be initialized
                 d:\c++ class\homework for github\homework2\homework2\queueitem.h(16) : see declaration of 'QueueItem::_itemId'
         Queue.cpp
         main.cpp
         Generating Code...
     1>Done Building Project "D:\c++ class\homework for github\Homework2\Homework2\Homework2.vcxproj" (Build target(s)) -- FAILED.

Build FAILED.

Time Elapsed 00:00:00.92
